<?xml version="1.0" encoding="UTF-8"?>
<!-- Generated by org.testng.reporters.JUnitReportReporter -->
<testsuite hostname="Abhinavs-MacBook-Air.local" failures="0" tests="1" name="tests.SmokeTests" time="15.206" errors="0" timestamp="2022-12-12T20:22:47 IST" skipped="0">
  <testcase classname="tests.SmokeTests" name="verifySuccessfulSearchOfLaptop" time="15.206"/>
  <system-out/>
</testsuite> <!-- tests.SmokeTests -->
